[debug] [2024-09-24T15:18:43.423Z] ----------------------------------------------------------------------
[debug] [2024-09-24T15:18:43.428Z] Command:       C:\Program Files\nodejs\node.exe C:\Users\Joshua\AppData\Roaming\npm\node_modules\firebase-tools\lib\bin\firebase.js init
[debug] [2024-09-24T15:18:43.428Z] CLI Version:   13.18.0
[debug] [2024-09-24T15:18:43.429Z] Platform:      win32
[debug] [2024-09-24T15:18:43.429Z] Node Version:  v20.17.0
[debug] [2024-09-24T15:18:43.429Z] Time:          Tue Sep 24 2024 23:18:43 GMT+0800 (Singapore Standard Time)
[debug] [2024-09-24T15:18:43.430Z] ----------------------------------------------------------------------
[debug] 
[debug] [2024-09-24T15:18:43.552Z] > command requires scopes: ["email","openid","https://www.googleapis.com/auth/cloudplatformprojects.readonly","https://www.googleapis.com/auth/firebase","https://www.googleapis.com/auth/cloud-platform"]
[debug] [2024-09-24T15:18:43.553Z] > authorizing via signed-in user (natojoshua22@gmail.com)
[info] 
     ######## #### ########  ######## ########     ###     ######  ########
     ##        ##  ##     ## ##       ##     ##  ##   ##  ##       ##
     ######    ##  ########  ######   ########  #########  ######  ######
     ##        ##  ##    ##  ##       ##     ## ##     ##       ## ##
     ##       #### ##     ## ######## ########  ##     ##  ######  ########

You're about to initialize a Firebase project in this directory:

  C:\Angular-Components-Act8

Before we get started, keep in mind:

  * You are currently outside your home directory
  * You are initializing within an existing Firebase project directory

[info] 
=== Project Setup
[info] 
[info] First, let's associate this project directory with a Firebase project.
[info] You can create multiple project aliases by running firebase use --add, 
[info] but for now we'll just set up a default project.
[info] 
[debug] [2024-09-24T15:18:51.978Z] Using project from CLI flag: svfc-a-ff59d
[debug] [2024-09-24T15:18:51.982Z] >>> [apiv2][query] GET https://firebase.googleapis.com/v1beta1/projects/svfc-a-ff59d [none]
[debug] [2024-09-24T15:18:52.547Z] <<< [apiv2][status] GET https://firebase.googleapis.com/v1beta1/projects/svfc-a-ff59d 200
[debug] [2024-09-24T15:18:52.547Z] <<< [apiv2][body] GET https://firebase.googleapis.com/v1beta1/projects/svfc-a-ff59d {"projectId":"svfc-a-ff59d","projectNumber":"901860433339","displayName":"SVFC-A","name":"projects/svfc-a-ff59d","resources":{"hostingSite":"svfc-a-ff59d"},"state":"ACTIVE","etag":"1_71191332-36da-4bb6-a731-58e8e7992ec9"}
[info] i  Using project svfc-a-ff59d (SVFC-A) 
[info] 
=== Hosting Setup
[debug] [2024-09-24T15:18:52.565Z] >>> [apiv2][query] GET https://firebase.googleapis.com/v1beta1/projects/svfc-a-ff59d [none]
[debug] [2024-09-24T15:18:52.846Z] <<< [apiv2][status] GET https://firebase.googleapis.com/v1beta1/projects/svfc-a-ff59d 200
[debug] [2024-09-24T15:18:52.846Z] <<< [apiv2][body] GET https://firebase.googleapis.com/v1beta1/projects/svfc-a-ff59d {"projectId":"svfc-a-ff59d","projectNumber":"901860433339","displayName":"SVFC-A","name":"projects/svfc-a-ff59d","resources":{"hostingSite":"svfc-a-ff59d"},"state":"ACTIVE","etag":"1_71191332-36da-4bb6-a731-58e8e7992ec9"}
